running egg_info
writing build/cv_node/cv_node.egg-info/PKG-INFO
writing dependency_links to build/cv_node/cv_node.egg-info/dependency_links.txt
writing entry points to build/cv_node/cv_node.egg-info/entry_points.txt
writing requirements to build/cv_node/cv_node.egg-info/requires.txt
writing top-level names to build/cv_node/cv_node.egg-info/top_level.txt
reading manifest file 'build/cv_node/cv_node.egg-info/SOURCES.txt'
writing manifest file 'build/cv_node/cv_node.egg-info/SOURCES.txt'
running build
running build_py
/usr/lib/python3/dist-packages/setuptools/command/install.py:34: SetuptoolsDeprecationWarning: setup.py install is deprecated. Use build and pip and other standards-based tools.
  warnings.warn(
copying cv_node/publisher_member_function.py -> /root/ros2_ws/src/cv_node/build/cv_node/build/lib/cv_node
running install
running install_lib
copying /root/ros2_ws/src/cv_node/build/cv_node/build/lib/cv_node/publisher_member_function.py -> /root/ros2_ws/src/cv_node/install/cv_node/lib/python3.10/site-packages/cv_node
byte-compiling /root/ros2_ws/src/cv_node/install/cv_node/lib/python3.10/site-packages/cv_node/publisher_member_function.py to publisher_member_function.cpython-310.pyc
running install_data
running install_egg_info
removing '/root/ros2_ws/src/cv_node/install/cv_node/lib/python3.10/site-packages/cv_node-0.0.0-py3.10.egg-info' (and everything under it)
Copying build/cv_node/cv_node.egg-info to /root/ros2_ws/src/cv_node/install/cv_node/lib/python3.10/site-packages/cv_node-0.0.0-py3.10.egg-info
running install_scripts
Installing listener script to /root/ros2_ws/src/cv_node/install/cv_node/lib/cv_node
Installing talker script to /root/ros2_ws/src/cv_node/install/cv_node/lib/cv_node
writing list of installed files to '/root/ros2_ws/src/cv_node/build/cv_node/install.log'
