[0.956s] Invoking command in '/home/umarv/arvws/cv-nav-integration/src/cv_node': PYTHONPATH=/home/umarv/arvws/cv-nav-integration/build/cv_node/prefix_override:/home/umarv/arvws/cv-nav-integration/install/cv_node/lib/python3.10/site-packages:${PYTHONPATH} /usr/bin/python3 setup.py egg_info --egg-base ../../build/cv_node build --build-base /home/umarv/arvws/cv-nav-integration/build/cv_node/build install --record /home/umarv/arvws/cv-nav-integration/build/cv_node/install.log --single-version-externally-managed
[1.357s] running egg_info
[1.358s] writing ../../build/cv_node/cv_node.egg-info/PKG-INFO
[1.359s] writing dependency_links to ../../build/cv_node/cv_node.egg-info/dependency_links.txt
[1.359s] writing entry points to ../../build/cv_node/cv_node.egg-info/entry_points.txt
[1.359s] writing requirements to ../../build/cv_node/cv_node.egg-info/requires.txt
[1.359s] writing top-level names to ../../build/cv_node/cv_node.egg-info/top_level.txt
[1.361s] reading manifest file '../../build/cv_node/cv_node.egg-info/SOURCES.txt'
[1.362s] writing manifest file '../../build/cv_node/cv_node.egg-info/SOURCES.txt'
[1.362s] running build
[1.362s] running build_py
[1.363s] running install
[1.363s] running install_lib
[1.366s] running install_data
[1.366s] running install_egg_info
[1.367s] removing '/home/umarv/arvws/cv-nav-integration/install/cv_node/lib/python3.10/site-packages/cv_node-0.0.0-py3.10.egg-info' (and everything under it)
[1.368s] Copying ../../build/cv_node/cv_node.egg-info to /home/umarv/arvws/cv-nav-integration/install/cv_node/lib/python3.10/site-packages/cv_node-0.0.0-py3.10.egg-info
[1.369s] running install_scripts
[1.393s] Installing listener script to /home/umarv/arvws/cv-nav-integration/install/cv_node/lib/cv_node
[1.394s] Installing talker script to /home/umarv/arvws/cv-nav-integration/install/cv_node/lib/cv_node
[1.394s] writing list of installed files to '/home/umarv/arvws/cv-nav-integration/build/cv_node/install.log'
[1.414s] Invoked command in '/home/umarv/arvws/cv-nav-integration/src/cv_node' returned '0': PYTHONPATH=/home/umarv/arvws/cv-nav-integration/build/cv_node/prefix_override:/home/umarv/arvws/cv-nav-integration/install/cv_node/lib/python3.10/site-packages:${PYTHONPATH} /usr/bin/python3 setup.py egg_info --egg-base ../../build/cv_node build --build-base /home/umarv/arvws/cv-nav-integration/build/cv_node/build install --record /home/umarv/arvws/cv-nav-integration/build/cv_node/install.log --single-version-externally-managed
