running egg_info
writing ../../build/drivable_area/drivable_area.egg-info/PKG-INFO
writing dependency_links to ../../build/drivable_area/drivable_area.egg-info/dependency_links.txt
writing entry points to ../../build/drivable_area/drivable_area.egg-info/entry_points.txt
writing requirements to ../../build/drivable_area/drivable_area.egg-info/requires.txt
writing top-level names to ../../build/drivable_area/drivable_area.egg-info/top_level.txt
reading manifest file '../../build/drivable_area/drivable_area.egg-info/SOURCES.txt'
writing manifest file '../../build/drivable_area/drivable_area.egg-info/SOURCES.txt'
running build
running build_py
running install
/usr/lib/python3/dist-packages/setuptools/command/install.py:34: SetuptoolsDeprecationWarning: setup.py install is deprecated. Use build and pip and other standards-based tools.
  warnings.warn(
running install_lib
running install_data
running install_egg_info
removing '/home/jmcfee/arv/cv-nav-integration/install/drivable_area/lib/python3.10/site-packages/drivable_area-0.0.0-py3.10.egg-info' (and everything under it)
Copying ../../build/drivable_area/drivable_area.egg-info to /home/jmcfee/arv/cv-nav-integration/install/drivable_area/lib/python3.10/site-packages/drivable_area-0.0.0-py3.10.egg-info
running install_scripts
Installing drivable_area script to /home/jmcfee/arv/cv-nav-integration/install/drivable_area/lib/drivable_area
Installing drivable_area_test_publisher script to /home/jmcfee/arv/cv-nav-integration/install/drivable_area/lib/drivable_area
writing list of installed files to '/home/jmcfee/arv/cv-nav-integration/build/drivable_area/install.log'
