running egg_info
creating ../../build/drivable_area/drivable_area.egg-info
writing ../../build/drivable_area/drivable_area.egg-info/PKG-INFO
writing dependency_links to ../../build/drivable_area/drivable_area.egg-info/dependency_links.txt
writing entry points to ../../build/drivable_area/drivable_area.egg-info/entry_points.txt
writing requirements to ../../build/drivable_area/drivable_area.egg-info/requires.txt
writing top-level names to ../../build/drivable_area/drivable_area.egg-info/top_level.txt
writing manifest file '../../build/drivable_area/drivable_area.egg-info/SOURCES.txt'
reading manifest file '../../build/drivable_area/drivable_area.egg-info/SOURCES.txt'
writing manifest file '../../build/drivable_area/drivable_area.egg-info/SOURCES.txt'
running build
running build_py
creating /root/ros2_ws/build/drivable_area/build
creating /root/ros2_ws/build/drivable_area/build/lib
creating /root/ros2_ws/build/drivable_area/build/lib/drivable_area
copying drivable_area/drivable_area.py -> /root/ros2_ws/build/drivable_area/build/lib/drivable_area
copying drivable_area/__init__.py -> /root/ros2_ws/build/drivable_area/build/lib/drivable_area
running install
running install_lib
creating /root/ros2_ws/install/drivable_area/lib/python3.10/site-packages/drivable_area
copying /root/ros2_ws/build/drivable_area/build/lib/drivable_area/drivable_area.py -> /root/ros2_ws/install/drivable_area/lib/python3.10/site-packages/drivable_area
copying /root/ros2_ws/build/drivable_area/build/lib/drivable_area/__init__.py -> /root/ros2_ws/install/drivable_area/lib/python3.10/site-packages/drivable_area
byte-compiling /root/ros2_ws/install/drivable_area/lib/python3.10/site-packages/drivable_area/drivable_area.py to drivable_area.cpython-310.pyc
byte-compiling /root/ros2_ws/install/drivable_area/lib/python3.10/site-packages/drivable_area/__init__.py to __init__.cpython-310.pyc
running install_data
creating /root/ros2_ws/install/drivable_area/share/ament_index
creating /root/ros2_ws/install/drivable_area/share/ament_index/resource_index
creating /root/ros2_ws/install/drivable_area/share/ament_index/resource_index/packages
copying resource/drivable_area -> /root/ros2_ws/install/drivable_area/share/ament_index/resource_index/packages
copying package.xml -> /root/ros2_ws/install/drivable_area/share/drivable_area
running install_egg_info
Copying ../../build/drivable_area/drivable_area.egg-info to /root/ros2_ws/install/drivable_area/lib/python3.10/site-packages/drivable_area-0.0.0-py3.10.egg-info
running install_scripts
Installing drivable_area script to /root/ros2_ws/install/drivable_area/lib/drivable_area
writing list of installed files to '/root/ros2_ws/build/drivable_area/install.log'
