[0.310s] Invoking command in '/root/ros2_ws/src/drivable_area': PYTHONPATH=/root/ros2_ws/build/drivable_area/prefix_override:/root/ros2_ws/install/drivable_area/lib/python3.10/site-packages:${PYTHONPATH} /usr/bin/python3 setup.py egg_info --egg-base ../../build/drivable_area build --build-base /root/ros2_ws/build/drivable_area/build install --record /root/ros2_ws/build/drivable_area/install.log --single-version-externally-managed
[0.400s] running egg_info
[0.400s] creating ../../build/drivable_area/drivable_area.egg-info
[0.400s] writing ../../build/drivable_area/drivable_area.egg-info/PKG-INFO
[0.401s] writing dependency_links to ../../build/drivable_area/drivable_area.egg-info/dependency_links.txt
[0.401s] writing entry points to ../../build/drivable_area/drivable_area.egg-info/entry_points.txt
[0.401s] writing requirements to ../../build/drivable_area/drivable_area.egg-info/requires.txt
[0.401s] writing top-level names to ../../build/drivable_area/drivable_area.egg-info/top_level.txt
[0.401s] writing manifest file '../../build/drivable_area/drivable_area.egg-info/SOURCES.txt'
[0.401s] reading manifest file '../../build/drivable_area/drivable_area.egg-info/SOURCES.txt'
[0.402s] writing manifest file '../../build/drivable_area/drivable_area.egg-info/SOURCES.txt'
[0.402s] running build
[0.402s] running build_py
[0.402s] creating /root/ros2_ws/build/drivable_area/build
[0.402s] creating /root/ros2_ws/build/drivable_area/build/lib
[0.402s] creating /root/ros2_ws/build/drivable_area/build/lib/drivable_area
[0.402s] copying drivable_area/drivable_area.py -> /root/ros2_ws/build/drivable_area/build/lib/drivable_area
[0.402s] copying drivable_area/__init__.py -> /root/ros2_ws/build/drivable_area/build/lib/drivable_area
[0.402s] running install
[0.403s] /usr/lib/python3/dist-packages/setuptools/command/install.py:34: SetuptoolsDeprecationWarning: setup.py install is deprecated. Use build and pip and other standards-based tools.
[0.403s]   warnings.warn(
[0.403s] running install_lib
[0.403s] creating /root/ros2_ws/install/drivable_area/lib/python3.10/site-packages/drivable_area
[0.404s] copying /root/ros2_ws/build/drivable_area/build/lib/drivable_area/drivable_area.py -> /root/ros2_ws/install/drivable_area/lib/python3.10/site-packages/drivable_area
[0.404s] copying /root/ros2_ws/build/drivable_area/build/lib/drivable_area/__init__.py -> /root/ros2_ws/install/drivable_area/lib/python3.10/site-packages/drivable_area
[0.404s] byte-compiling /root/ros2_ws/install/drivable_area/lib/python3.10/site-packages/drivable_area/drivable_area.py to drivable_area.cpython-310.pyc
[0.404s] byte-compiling /root/ros2_ws/install/drivable_area/lib/python3.10/site-packages/drivable_area/__init__.py to __init__.cpython-310.pyc
[0.404s] running install_data
[0.404s] creating /root/ros2_ws/install/drivable_area/share/ament_index
[0.404s] creating /root/ros2_ws/install/drivable_area/share/ament_index/resource_index
[0.404s] creating /root/ros2_ws/install/drivable_area/share/ament_index/resource_index/packages
[0.404s] copying resource/drivable_area -> /root/ros2_ws/install/drivable_area/share/ament_index/resource_index/packages
[0.404s] copying package.xml -> /root/ros2_ws/install/drivable_area/share/drivable_area
[0.404s] running install_egg_info
[0.405s] Copying ../../build/drivable_area/drivable_area.egg-info to /root/ros2_ws/install/drivable_area/lib/python3.10/site-packages/drivable_area-0.0.0-py3.10.egg-info
[0.406s] running install_scripts
[0.415s] Installing drivable_area script to /root/ros2_ws/install/drivable_area/lib/drivable_area
[0.415s] writing list of installed files to '/root/ros2_ws/build/drivable_area/install.log'
[0.425s] Invoked command in '/root/ros2_ws/src/drivable_area' returned '0': PYTHONPATH=/root/ros2_ws/build/drivable_area/prefix_override:/root/ros2_ws/install/drivable_area/lib/python3.10/site-packages:${PYTHONPATH} /usr/bin/python3 setup.py egg_info --egg-base ../../build/drivable_area build --build-base /root/ros2_ws/build/drivable_area/build install --record /root/ros2_ws/build/drivable_area/install.log --single-version-externally-managed
