[0.565s] Invoking command in '/home/jmcfee/arv/cv-nav-integration/src/drivable_area': PYTHONPATH=/home/jmcfee/arv/cv-nav-integration/build/drivable_area/prefix_override:/home/jmcfee/arv/cv-nav-integration/install/drivable_area/lib/python3.10/site-packages:${PYTHONPATH} WSLENV=ELECTRON_RUN_AS_NODE/w: /usr/bin/python3 setup.py egg_info --egg-base ../../build/drivable_area build --build-base /home/jmcfee/arv/cv-nav-integration/build/drivable_area/build install --record /home/jmcfee/arv/cv-nav-integration/build/drivable_area/install.log --single-version-externally-managed
[0.730s] running egg_info
[0.731s] writing ../../build/drivable_area/drivable_area.egg-info/PKG-INFO
[0.732s] writing dependency_links to ../../build/drivable_area/drivable_area.egg-info/dependency_links.txt
[0.732s] writing entry points to ../../build/drivable_area/drivable_area.egg-info/entry_points.txt
[0.732s] writing requirements to ../../build/drivable_area/drivable_area.egg-info/requires.txt
[0.733s] writing top-level names to ../../build/drivable_area/drivable_area.egg-info/top_level.txt
[0.735s] reading manifest file '../../build/drivable_area/drivable_area.egg-info/SOURCES.txt'
[0.735s] writing manifest file '../../build/drivable_area/drivable_area.egg-info/SOURCES.txt'
[0.736s] running build
[0.736s] running build_py
[0.736s] copying drivable_area/drivable_area.py -> /home/jmcfee/arv/cv-nav-integration/build/drivable_area/build/lib/drivable_area
[0.736s] running install
[0.737s] /usr/lib/python3/dist-packages/setuptools/command/install.py:34: SetuptoolsDeprecationWarning: setup.py install is deprecated. Use build and pip and other standards-based tools.
[0.737s]   warnings.warn(
[0.737s] running install_lib
[0.737s] copying /home/jmcfee/arv/cv-nav-integration/build/drivable_area/build/lib/drivable_area/drivable_area.py -> /home/jmcfee/arv/cv-nav-integration/install/drivable_area/lib/python3.10/site-packages/drivable_area
[0.738s] byte-compiling /home/jmcfee/arv/cv-nav-integration/install/drivable_area/lib/python3.10/site-packages/drivable_area/drivable_area.py to drivable_area.cpython-310.pyc
[0.740s] running install_data
[0.741s] copying package.xml -> /home/jmcfee/arv/cv-nav-integration/install/drivable_area/share/drivable_area
[0.741s] running install_egg_info
[0.742s] removing '/home/jmcfee/arv/cv-nav-integration/install/drivable_area/lib/python3.10/site-packages/drivable_area-0.0.0-py3.10.egg-info' (and everything under it)
[0.743s] Copying ../../build/drivable_area/drivable_area.egg-info to /home/jmcfee/arv/cv-nav-integration/install/drivable_area/lib/python3.10/site-packages/drivable_area-0.0.0-py3.10.egg-info
[0.743s] running install_scripts
[0.758s] Installing drivable_area script to /home/jmcfee/arv/cv-nav-integration/install/drivable_area/lib/drivable_area
[0.759s] writing list of installed files to '/home/jmcfee/arv/cv-nav-integration/build/drivable_area/install.log'
[0.775s] Invoked command in '/home/jmcfee/arv/cv-nav-integration/src/drivable_area' returned '0': PYTHONPATH=/home/jmcfee/arv/cv-nav-integration/build/drivable_area/prefix_override:/home/jmcfee/arv/cv-nav-integration/install/drivable_area/lib/python3.10/site-packages:${PYTHONPATH} WSLENV=ELECTRON_RUN_AS_NODE/w: /usr/bin/python3 setup.py egg_info --egg-base ../../build/drivable_area build --build-base /home/jmcfee/arv/cv-nav-integration/build/drivable_area/build install --record /home/jmcfee/arv/cv-nav-integration/build/drivable_area/install.log --single-version-externally-managed
