running egg_info
writing ../../build/cv_node/cv_node.egg-info/PKG-INFO
writing dependency_links to ../../build/cv_node/cv_node.egg-info/dependency_links.txt
writing entry points to ../../build/cv_node/cv_node.egg-info/entry_points.txt
writing requirements to ../../build/cv_node/cv_node.egg-info/requires.txt
writing top-level names to ../../build/cv_node/cv_node.egg-info/top_level.txt
reading manifest file '../../build/cv_node/cv_node.egg-info/SOURCES.txt'
writing manifest file '../../build/cv_node/cv_node.egg-info/SOURCES.txt'
running build
running build_py
running install
running install_lib
running install_data
running install_egg_info
removing '/root/ros2_ws/install/cv_node/lib/python3.10/site-packages/cv_node-0.0.0-py3.10.egg-info' (and everything under it)
Copying ../../build/cv_node/cv_node.egg-info to /root/ros2_ws/install/cv_node/lib/python3.10/site-packages/cv_node-0.0.0-py3.10.egg-info
running install_scripts
Installing listener script to /root/ros2_ws/install/cv_node/lib/cv_node
Installing talker script to /root/ros2_ws/install/cv_node/lib/cv_node
writing list of installed files to '/root/ros2_ws/build/cv_node/install.log'
