[0.285s] Invoking command in '/root/ros2_ws/src/cv_node': PYTHONPATH=/root/ros2_ws/build/cv_node/prefix_override:/root/ros2_ws/install/cv_node/lib/python3.10/site-packages:${PYTHONPATH} /usr/bin/python3 setup.py egg_info --egg-base ../../build/cv_node build --build-base /root/ros2_ws/build/cv_node/build install --record /root/ros2_ws/build/cv_node/install.log --single-version-externally-managed
[0.380s] running egg_info
[0.381s] writing ../../build/cv_node/cv_node.egg-info/PKG-INFO
[0.381s] writing dependency_links to ../../build/cv_node/cv_node.egg-info/dependency_links.txt
[0.381s] writing entry points to ../../build/cv_node/cv_node.egg-info/entry_points.txt
[0.381s] writing requirements to ../../build/cv_node/cv_node.egg-info/requires.txt
[0.381s] writing top-level names to ../../build/cv_node/cv_node.egg-info/top_level.txt
[0.382s] reading manifest file '../../build/cv_node/cv_node.egg-info/SOURCES.txt'
[0.382s] writing manifest file '../../build/cv_node/cv_node.egg-info/SOURCES.txt'
[0.382s] running build
[0.382s] running build_py
[0.382s] running install
[0.383s] /usr/lib/python3/dist-packages/setuptools/command/install.py:34: SetuptoolsDeprecationWarning: setup.py install is deprecated. Use build and pip and other standards-based tools.
[0.383s]   warnings.warn(
[0.383s] running install_lib
[0.383s] running install_data
[0.383s] running install_egg_info
[0.384s] removing '/root/ros2_ws/install/cv_node/lib/python3.10/site-packages/cv_node-0.0.0-py3.10.egg-info' (and everything under it)
[0.384s] Copying ../../build/cv_node/cv_node.egg-info to /root/ros2_ws/install/cv_node/lib/python3.10/site-packages/cv_node-0.0.0-py3.10.egg-info
[0.385s] running install_scripts
[0.394s] Installing listener script to /root/ros2_ws/install/cv_node/lib/cv_node
[0.394s] Installing talker script to /root/ros2_ws/install/cv_node/lib/cv_node
[0.394s] writing list of installed files to '/root/ros2_ws/build/cv_node/install.log'
[0.405s] Invoked command in '/root/ros2_ws/src/cv_node' returned '0': PYTHONPATH=/root/ros2_ws/build/cv_node/prefix_override:/root/ros2_ws/install/cv_node/lib/python3.10/site-packages:${PYTHONPATH} /usr/bin/python3 setup.py egg_info --egg-base ../../build/cv_node build --build-base /root/ros2_ws/build/cv_node/build install --record /root/ros2_ws/build/cv_node/install.log --single-version-externally-managed
