[0.566s] Invoking command in '/home/jmcfee/arv/cv-nav-integration/src/drivable_area': PYTHONPATH=/home/jmcfee/arv/cv-nav-integration/build/drivable_area/prefix_override:/home/jmcfee/arv/cv-nav-integration/install/drivable_area/lib/python3.10/site-packages:${PYTHONPATH} WSLENV=ELECTRON_RUN_AS_NODE/w: /usr/bin/python3 setup.py egg_info --egg-base ../../build/drivable_area build --build-base /home/jmcfee/arv/cv-nav-integration/build/drivable_area/build install --record /home/jmcfee/arv/cv-nav-integration/build/drivable_area/install.log --single-version-externally-managed
[0.732s] running egg_info
[0.733s] writing ../../build/drivable_area/drivable_area.egg-info/PKG-INFO
[0.734s] writing dependency_links to ../../build/drivable_area/drivable_area.egg-info/dependency_links.txt
[0.734s] writing entry points to ../../build/drivable_area/drivable_area.egg-info/entry_points.txt
[0.734s] writing requirements to ../../build/drivable_area/drivable_area.egg-info/requires.txt
[0.734s] writing top-level names to ../../build/drivable_area/drivable_area.egg-info/top_level.txt
[0.736s] reading manifest file '../../build/drivable_area/drivable_area.egg-info/SOURCES.txt'
[0.737s] writing manifest file '../../build/drivable_area/drivable_area.egg-info/SOURCES.txt'
[0.738s] running build
[0.738s] running build_py
[0.738s] copying drivable_area/drivable_area.py -> /home/jmcfee/arv/cv-nav-integration/build/drivable_area/build/lib/drivable_area
[0.738s] /usr/lib/python3/dist-packages/setuptools/command/install.py:34: SetuptoolsDeprecationWarning: setup.py install is deprecated. Use build and pip and other standards-based tools.
[0.739s]   warnings.warn(
[0.739s] running install
[0.739s] running install_lib
[0.740s] copying /home/jmcfee/arv/cv-nav-integration/build/drivable_area/build/lib/drivable_area/drivable_area.py -> /home/jmcfee/arv/cv-nav-integration/install/drivable_area/lib/python3.10/site-packages/drivable_area
[0.740s] byte-compiling /home/jmcfee/arv/cv-nav-integration/install/drivable_area/lib/python3.10/site-packages/drivable_area/drivable_area.py to drivable_area.cpython-310.pyc
[0.742s] running install_data
[0.742s] running install_egg_info
[0.744s] removing '/home/jmcfee/arv/cv-nav-integration/install/drivable_area/lib/python3.10/site-packages/drivable_area-0.0.0-py3.10.egg-info' (and everything under it)
[0.744s] Copying ../../build/drivable_area/drivable_area.egg-info to /home/jmcfee/arv/cv-nav-integration/install/drivable_area/lib/python3.10/site-packages/drivable_area-0.0.0-py3.10.egg-info
[0.745s] running install_scripts
[0.760s] Installing drivable_area script to /home/jmcfee/arv/cv-nav-integration/install/drivable_area/lib/drivable_area
[0.761s] writing list of installed files to '/home/jmcfee/arv/cv-nav-integration/build/drivable_area/install.log'
[0.777s] Invoked command in '/home/jmcfee/arv/cv-nav-integration/src/drivable_area' returned '0': PYTHONPATH=/home/jmcfee/arv/cv-nav-integration/build/drivable_area/prefix_override:/home/jmcfee/arv/cv-nav-integration/install/drivable_area/lib/python3.10/site-packages:${PYTHONPATH} WSLENV=ELECTRON_RUN_AS_NODE/w: /usr/bin/python3 setup.py egg_info --egg-base ../../build/drivable_area build --build-base /home/jmcfee/arv/cv-nav-integration/build/drivable_area/build install --record /home/jmcfee/arv/cv-nav-integration/build/drivable_area/install.log --single-version-externally-managed
