[0.849s] Invoking command in '/home/umarv/arvws/cv-nav-integration/src/cv_node': PYTHONPATH=/home/umarv/arvws/cv-nav-integration/src/build/cv_node/prefix_override:/home/umarv/arvws/cv-nav-integration/src/install/cv_node/lib/python3.10/site-packages:${PYTHONPATH} /usr/bin/python3 setup.py egg_info --egg-base ../build/cv_node build --build-base /home/umarv/arvws/cv-nav-integration/src/build/cv_node/build install --record /home/umarv/arvws/cv-nav-integration/src/build/cv_node/install.log --single-version-externally-managed
[1.102s] running egg_info
[1.102s] creating ../build/cv_node/cv_node.egg-info
[1.102s] writing ../build/cv_node/cv_node.egg-info/PKG-INFO
[1.103s] writing dependency_links to ../build/cv_node/cv_node.egg-info/dependency_links.txt
[1.103s] writing entry points to ../build/cv_node/cv_node.egg-info/entry_points.txt
[1.103s] writing requirements to ../build/cv_node/cv_node.egg-info/requires.txt
[1.103s] writing top-level names to ../build/cv_node/cv_node.egg-info/top_level.txt
[1.103s] writing manifest file '../build/cv_node/cv_node.egg-info/SOURCES.txt'
[1.104s] reading manifest file '../build/cv_node/cv_node.egg-info/SOURCES.txt'
[1.105s] writing manifest file '../build/cv_node/cv_node.egg-info/SOURCES.txt'
[1.105s] running build
[1.105s] running build_py
[1.105s] creating /home/umarv/arvws/cv-nav-integration/src/build/cv_node/build
[1.105s] creating /home/umarv/arvws/cv-nav-integration/src/build/cv_node/build/lib
[1.106s] creating /home/umarv/arvws/cv-nav-integration/src/build/cv_node/build/lib/cv_node
[1.106s] copying cv_node/__init__.py -> /home/umarv/arvws/cv-nav-integration/src/build/cv_node/build/lib/cv_node
[1.106s] copying cv_node/subscriber_member_function.py -> /home/umarv/arvws/cv-nav-integration/src/build/cv_node/build/lib/cv_node
[1.106s] copying cv_node/publisher_member_function.py -> /home/umarv/arvws/cv-nav-integration/src/build/cv_node/build/lib/cv_node
[1.106s] running install
[1.106s] /usr/lib/python3/dist-packages/setuptools/command/install.py:34: SetuptoolsDeprecationWarning: setup.py install is deprecated. Use build and pip and other standards-based tools.
[1.106s]   warnings.warn(
[1.106s] running install_lib
[1.107s] creating /home/umarv/arvws/cv-nav-integration/src/install/cv_node/lib/python3.10/site-packages/cv_node
[1.107s] copying /home/umarv/arvws/cv-nav-integration/src/build/cv_node/build/lib/cv_node/__init__.py -> /home/umarv/arvws/cv-nav-integration/src/install/cv_node/lib/python3.10/site-packages/cv_node
[1.107s] copying /home/umarv/arvws/cv-nav-integration/src/build/cv_node/build/lib/cv_node/subscriber_member_function.py -> /home/umarv/arvws/cv-nav-integration/src/install/cv_node/lib/python3.10/site-packages/cv_node
[1.108s] copying /home/umarv/arvws/cv-nav-integration/src/build/cv_node/build/lib/cv_node/publisher_member_function.py -> /home/umarv/arvws/cv-nav-integration/src/install/cv_node/lib/python3.10/site-packages/cv_node
[1.108s] byte-compiling /home/umarv/arvws/cv-nav-integration/src/install/cv_node/lib/python3.10/site-packages/cv_node/__init__.py to __init__.cpython-310.pyc
[1.109s] byte-compiling /home/umarv/arvws/cv-nav-integration/src/install/cv_node/lib/python3.10/site-packages/cv_node/subscriber_member_function.py to subscriber_member_function.cpython-310.pyc
[1.111s] byte-compiling /home/umarv/arvws/cv-nav-integration/src/install/cv_node/lib/python3.10/site-packages/cv_node/publisher_member_function.py to publisher_member_function.cpython-310.pyc
[1.112s] running install_data
[1.112s] creating /home/umarv/arvws/cv-nav-integration/src/install/cv_node/share/ament_index
[1.112s] creating /home/umarv/arvws/cv-nav-integration/src/install/cv_node/share/ament_index/resource_index
[1.112s] creating /home/umarv/arvws/cv-nav-integration/src/install/cv_node/share/ament_index/resource_index/packages
[1.113s] copying resource/cv_node -> /home/umarv/arvws/cv-nav-integration/src/install/cv_node/share/ament_index/resource_index/packages
[1.113s] copying package.xml -> /home/umarv/arvws/cv-nav-integration/src/install/cv_node/share/cv_node
[1.113s] running install_egg_info
[1.114s] Copying ../build/cv_node/cv_node.egg-info to /home/umarv/arvws/cv-nav-integration/src/install/cv_node/lib/python3.10/site-packages/cv_node-0.0.0-py3.10.egg-info
[1.115s] running install_scripts
[1.139s] Installing listener script to /home/umarv/arvws/cv-nav-integration/src/install/cv_node/lib/cv_node
[1.139s] Installing talker script to /home/umarv/arvws/cv-nav-integration/src/install/cv_node/lib/cv_node
[1.139s] writing list of installed files to '/home/umarv/arvws/cv-nav-integration/src/build/cv_node/install.log'
[1.156s] Invoked command in '/home/umarv/arvws/cv-nav-integration/src/cv_node' returned '0': PYTHONPATH=/home/umarv/arvws/cv-nav-integration/src/build/cv_node/prefix_override:/home/umarv/arvws/cv-nav-integration/src/install/cv_node/lib/python3.10/site-packages:${PYTHONPATH} /usr/bin/python3 setup.py egg_info --egg-base ../build/cv_node build --build-base /home/umarv/arvws/cv-nav-integration/src/build/cv_node/build install --record /home/umarv/arvws/cv-nav-integration/src/build/cv_node/install.log --single-version-externally-managed
