[0.000000] (-) TimerEvent: {}
[0.005184] (-) JobUnselected: {'identifier': 'drivable_area'}
[0.005253] (cv_node) JobQueued: {'identifier': 'cv_node', 'dependencies': OrderedDict()}
[0.005363] (cv_node) JobStarted: {'identifier': 'cv_node'}
[0.100175] (-) TimerEvent: {}
[0.201210] (-) TimerEvent: {}
[0.305315] (-) TimerEvent: {}
[0.406209] (-) TimerEvent: {}
[0.507197] (-) TimerEvent: {}
[0.608206] (-) TimerEvent: {}
[0.709591] (-) TimerEvent: {}
[0.814360] (-) TimerEvent: {}
[0.916293] (-) TimerEvent: {}
[1.021231] (-) TimerEvent: {}
[1.122186] (-) TimerEvent: {}
[1.223688] (-) TimerEvent: {}
[1.264754] (cv_node) Command: {'cmd': ['/usr/bin/python3', 'setup.py', 'egg_info', '--egg-base', '../build/cv_node', 'build', '--build-base', '/home/umarv/arvws/cv-nav-integration/src/build/cv_node/build', 'install', '--record', '/home/umarv/arvws/cv-nav-integration/src/build/cv_node/install.log', '--single-version-externally-managed'], 'cwd': '/home/umarv/arvws/cv-nav-integration/src/cv_node', 'env': {'HOSTNAME': 'umarv-ros2', 'GIT_ASKPASS': '/home/umarv/.vscode-server/bin/903b1e9d8990623e3d7da1df3d33db3e42d80eda/extensions/git/dist/askpass.sh', 'LD_LIBRARY_PATH': '/usr/lib/wsl/lib', 'BROWSER': '/home/umarv/.vscode-server/bin/903b1e9d8990623e3d7da1df3d33db3e42d80eda/bin/helpers/browser.sh', 'HOME': '/home/umarv', 'OLDPWD': '/home/umarv/arvws/cv-nav-integration', 'TERM_PROGRAM_VERSION': '1.86.2', 'VSCODE_IPC_HOOK_CLI': '/tmp/vscode-ipc-b8101a5f-5272-4467-8788-ab1660fae2c2.sock', 'VSCODE_GIT_ASKPASS_MAIN': '/home/umarv/.vscode-server/bin/903b1e9d8990623e3d7da1df3d33db3e42d80eda/extensions/git/dist/askpass-main.js', 'VSCODE_GIT_ASKPASS_NODE': '/home/umarv/.vscode-server/bin/903b1e9d8990623e3d7da1df3d33db3e42d80eda/node', 'REMOTE_CONTAINERS': 'true', 'COLORTERM': 'truecolor', 'ROS_DISTRO': 'humble', 'REMOTE_CONTAINERS_IPC': '/tmp/vscode-remote-containers-ipc-36d4bfa5-8ddb-4aa3-a2d8-f0c2e14c0fd3.sock', 'TERM': 'xterm-256color', 'UV_USE_IO_URING': '0', 'PATH': '/home/umarv/.vscode-server/bin/903b1e9d8990623e3d7da1df3d33db3e42d80eda/bin/remote-cli:/usr/local/sbin:/usr/local/bin:/usr/sbin:/usr/bin:/sbin:/bin', 'DISPLAY': '10.0.0.161:0', 'REMOTE_CONTAINERS_SOCKETS': '["/tmp/vscode-ssh-auth-36d4bfa5-8ddb-4aa3-a2d8-f0c2e14c0fd3.sock","/tmp/.X11-unix/X0"]', 'LANG': 'C.UTF-8', 'LIBVA_DRIVER_NAME': 'd3d12', 'TERM_PROGRAM': 'vscode', 'VSCODE_GIT_IPC_HANDLE': '/tmp/vscode-git-70a5ac1d3c.sock', 'SSH_AUTH_SOCK': '/tmp/vscode-ssh-auth-36d4bfa5-8ddb-4aa3-a2d8-f0c2e14c0fd3.sock', 'REMOTE_CONTAINERS_DISPLAY_SOCK': '/tmp/.X11-unix/X0', 'SHELL': '/bin/sh', 'VSCODE_GIT_ASKPASS_EXTRA_ARGS': '', 'LC_ALL': 'C.UTF-8', 'PWD': '/home/umarv/arvws/cv-nav-integration/src/build/cv_node', 'COLCON': '1', 'PYTHONPATH': '/home/umarv/arvws/cv-nav-integration/src/build/cv_node/prefix_override:/home/umarv/arvws/cv-nav-integration/src/install/cv_node/lib/python3.10/site-packages:'}, 'shell': False}
[1.324174] (-) TimerEvent: {}
[1.425295] (-) TimerEvent: {}
[1.493078] (cv_node) StdoutLine: {'line': b'running egg_info\n'}
[1.495557] (cv_node) StdoutLine: {'line': b'writing ../build/cv_node/cv_node.egg-info/PKG-INFO\n'}
[1.495665] (cv_node) StdoutLine: {'line': b'writing dependency_links to ../build/cv_node/cv_node.egg-info/dependency_links.txt\n'}
[1.495715] (cv_node) StdoutLine: {'line': b'writing entry points to ../build/cv_node/cv_node.egg-info/entry_points.txt\n'}
[1.496134] (cv_node) StdoutLine: {'line': b'writing requirements to ../build/cv_node/cv_node.egg-info/requires.txt\n'}
[1.496349] (cv_node) StdoutLine: {'line': b'writing top-level names to ../build/cv_node/cv_node.egg-info/top_level.txt\n'}
[1.497686] (cv_node) StdoutLine: {'line': b"reading manifest file '../build/cv_node/cv_node.egg-info/SOURCES.txt'\n"}
[1.498742] (cv_node) StdoutLine: {'line': b"writing manifest file '../build/cv_node/cv_node.egg-info/SOURCES.txt'\n"}
[1.498966] (cv_node) StdoutLine: {'line': b'running build\n'}
[1.499025] (cv_node) StdoutLine: {'line': b'running build_py\n'}
[1.499318] (cv_node) StdoutLine: {'line': b'copying cv_node/subscriber_member_function.py -> /home/umarv/arvws/cv-nav-integration/src/build/cv_node/build/lib/cv_node\n'}
[1.500131] (cv_node) StdoutLine: {'line': b'copying cv_node/publisher_member_function.py -> /home/umarv/arvws/cv-nav-integration/src/build/cv_node/build/lib/cv_node\n'}
[1.500203] (cv_node) StdoutLine: {'line': b'running install\n'}
[1.500437] (cv_node) StderrLine: {'line': b'/usr/lib/python3/dist-packages/setuptools/command/install.py:34: SetuptoolsDeprecationWarning: setup.py install is deprecated. Use build and pip and other standards-based tools.\n'}
[1.500534] (cv_node) StderrLine: {'line': b'  warnings.warn(\n'}
[1.504162] (cv_node) StdoutLine: {'line': b'running install_lib\n'}
[1.504240] (cv_node) StdoutLine: {'line': b'copying /home/umarv/arvws/cv-nav-integration/src/build/cv_node/build/lib/cv_node/subscriber_member_function.py -> /home/umarv/arvws/cv-nav-integration/src/install/cv_node/lib/python3.10/site-packages/cv_node\n'}
[1.504295] (cv_node) StdoutLine: {'line': b'copying /home/umarv/arvws/cv-nav-integration/src/build/cv_node/build/lib/cv_node/publisher_member_function.py -> /home/umarv/arvws/cv-nav-integration/src/install/cv_node/lib/python3.10/site-packages/cv_node\n'}
[1.504336] (cv_node) StdoutLine: {'line': b'byte-compiling /home/umarv/arvws/cv-nav-integration/src/install/cv_node/lib/python3.10/site-packages/cv_node/subscriber_member_function.py to subscriber_member_function.cpython-310.pyc\n'}
[1.505070] (cv_node) StdoutLine: {'line': b'byte-compiling /home/umarv/arvws/cv-nav-integration/src/install/cv_node/lib/python3.10/site-packages/cv_node/publisher_member_function.py to publisher_member_function.cpython-310.pyc\n'}
[1.506331] (cv_node) StdoutLine: {'line': b'running install_data\n'}
[1.506719] (cv_node) StdoutLine: {'line': b'copying package.xml -> /home/umarv/arvws/cv-nav-integration/src/install/cv_node/share/cv_node\n'}
[1.506927] (cv_node) StdoutLine: {'line': b'running install_egg_info\n'}
[1.508120] (cv_node) StdoutLine: {'line': b"removing '/home/umarv/arvws/cv-nav-integration/src/install/cv_node/lib/python3.10/site-packages/cv_node-0.0.0-py3.10.egg-info' (and everything under it)\n"}
[1.508484] (cv_node) StdoutLine: {'line': b'Copying ../build/cv_node/cv_node.egg-info to /home/umarv/arvws/cv-nav-integration/src/install/cv_node/lib/python3.10/site-packages/cv_node-0.0.0-py3.10.egg-info\n'}
[1.510059] (cv_node) StdoutLine: {'line': b'running install_scripts\n'}
[1.526132] (-) TimerEvent: {}
[1.536953] (cv_node) StdoutLine: {'line': b'Installing listener script to /home/umarv/arvws/cv-nav-integration/src/install/cv_node/lib/cv_node\n'}
[1.537445] (cv_node) StdoutLine: {'line': b'Installing talker script to /home/umarv/arvws/cv-nav-integration/src/install/cv_node/lib/cv_node\n'}
[1.537790] (cv_node) StdoutLine: {'line': b"writing list of installed files to '/home/umarv/arvws/cv-nav-integration/src/build/cv_node/install.log'\n"}
[1.556725] (cv_node) CommandEnded: {'returncode': 0}
[1.579457] (cv_node) JobEnded: {'identifier': 'cv_node', 'rc': 0}
[1.580588] (-) EventReactorShutdown: {}
