[0.441s] DEBUG:colcon:Command line arguments: ['/usr/bin/colcon', 'build', '--packages-select', 'cv_node']
[0.443s] DEBUG:colcon:Parsed command line arguments: Namespace(log_base=None, log_level=None, verb_name='build', build_base='build', install_base='install', merge_install=False, symlink_install=False, test_result_base=None, continue_on_error=False, executor='parallel', parallel_workers=1, event_handlers=None, ignore_user_meta=False, metas=['./colcon.meta'], base_paths=['.'], packages_ignore=None, packages_ignore_regex=None, paths=None, packages_up_to=None, packages_up_to_regex=None, packages_above=None, packages_above_and_dependencies=None, packages_above_depth=None, packages_select_by_dep=None, packages_skip_by_dep=None, packages_skip_up_to=None, packages_select_build_failed=False, packages_skip_build_finished=False, packages_select_test_failures=False, packages_skip_test_passed=False, packages_select=['cv_node'], packages_skip=None, packages_select_regex=None, packages_skip_regex=None, packages_start=None, packages_end=None, cmake_args=None, cmake_target=None, cmake_target_skip_unavailable=False, cmake_clean_cache=False, cmake_clean_first=False, cmake_force_configure=False, ament_cmake_args=None, catkin_cmake_args=None, catkin_skip_building_tests=False, mixin_files=None, mixin=None, verb_parser=<colcon_mixin.mixin.mixin_argument.MixinArgumentDecorator object at 0x7ffffe837a60>, verb_extension=<colcon_core.verb.build.BuildVerb object at 0x7ffffe8343a0>, main=<bound method BuildVerb.main of <colcon_core.verb.build.BuildVerb object at 0x7ffffe8343a0>>, mixin_verb=('build',))
[0.465s] Level 1:colcon.colcon_core.package_discovery:discover_packages(colcon_meta) check parameters
[0.465s] Level 1:colcon.colcon_core.package_discovery:discover_packages(recursive) check parameters
[0.465s] Level 1:colcon.colcon_core.package_discovery:discover_packages(ignore) check parameters
[0.465s] Level 1:colcon.colcon_core.package_discovery:discover_packages(path) check parameters
[0.465s] Level 1:colcon.colcon_core.package_discovery:discover_packages(colcon_meta) discover
[0.465s] Level 1:colcon.colcon_core.package_discovery:discover_packages(recursive) discover
[0.465s] INFO:colcon.colcon_core.package_discovery:Crawling recursively for packages in '/home/umarv/arvws/cv-nav-integration/src'
[0.466s] Level 1:colcon.colcon_core.package_identification:_identify(.) by extensions ['ignore', 'ignore_ament_install']
[0.466s] Level 1:colcon.colcon_core.package_identification:_identify(.) by extension 'ignore'
[0.466s] Level 1:colcon.colcon_core.package_identification:_identify(.) by extension 'ignore_ament_install'
[0.466s] Level 1:colcon.colcon_core.package_identification:_identify(.) by extensions ['colcon_pkg']
[0.466s] Level 1:colcon.colcon_core.package_identification:_identify(.) by extension 'colcon_pkg'
[0.466s] Level 1:colcon.colcon_core.package_identification:_identify(.) by extensions ['colcon_meta']
[0.466s] Level 1:colcon.colcon_core.package_identification:_identify(.) by extension 'colcon_meta'
[0.466s] Level 1:colcon.colcon_core.package_identification:_identify(.) by extensions ['ros']
[0.466s] Level 1:colcon.colcon_core.package_identification:_identify(.) by extension 'ros'
[0.480s] Level 1:colcon.colcon_core.package_identification:_identify(.) by extensions ['cmake', 'python']
[0.480s] Level 1:colcon.colcon_core.package_identification:_identify(.) by extension 'cmake'
[0.480s] Level 1:colcon.colcon_core.package_identification:_identify(.) by extension 'python'
[0.480s] Level 1:colcon.colcon_core.package_identification:_identify(.) by extensions ['python_setup_py']
[0.480s] Level 1:colcon.colcon_core.package_identification:_identify(.) by extension 'python_setup_py'
[0.480s] Level 1:colcon.colcon_core.package_identification:_identify(build) by extensions ['ignore', 'ignore_ament_install']
[0.480s] Level 1:colcon.colcon_core.package_identification:_identify(build) by extension 'ignore'
[0.480s] Level 1:colcon.colcon_core.package_identification:_identify(build) ignored
[0.480s] Level 1:colcon.colcon_core.package_identification:_identify(cv_node) by extensions ['ignore', 'ignore_ament_install']
[0.480s] Level 1:colcon.colcon_core.package_identification:_identify(cv_node) by extension 'ignore'
[0.480s] Level 1:colcon.colcon_core.package_identification:_identify(cv_node) by extension 'ignore_ament_install'
[0.480s] Level 1:colcon.colcon_core.package_identification:_identify(cv_node) by extensions ['colcon_pkg']
[0.480s] Level 1:colcon.colcon_core.package_identification:_identify(cv_node) by extension 'colcon_pkg'
[0.480s] Level 1:colcon.colcon_core.package_identification:_identify(cv_node) by extensions ['colcon_meta']
[0.480s] Level 1:colcon.colcon_core.package_identification:_identify(cv_node) by extension 'colcon_meta'
[0.480s] Level 1:colcon.colcon_core.package_identification:_identify(cv_node) by extensions ['ros']
[0.480s] Level 1:colcon.colcon_core.package_identification:_identify(cv_node) by extension 'ros'
[0.485s] DEBUG:colcon.colcon_core.package_identification:Package 'cv_node' with type 'ros.ament_python' and name 'cv_node'
[0.485s] Level 1:colcon.colcon_core.package_identification:_identify(drivable_area) by extensions ['ignore', 'ignore_ament_install']
[0.486s] Level 1:colcon.colcon_core.package_identification:_identify(drivable_area) by extension 'ignore'
[0.486s] Level 1:colcon.colcon_core.package_identification:_identify(drivable_area) by extension 'ignore_ament_install'
[0.486s] Level 1:colcon.colcon_core.package_identification:_identify(drivable_area) by extensions ['colcon_pkg']
[0.486s] Level 1:colcon.colcon_core.package_identification:_identify(drivable_area) by extension 'colcon_pkg'
[0.486s] Level 1:colcon.colcon_core.package_identification:_identify(drivable_area) by extensions ['colcon_meta']
[0.486s] Level 1:colcon.colcon_core.package_identification:_identify(drivable_area) by extension 'colcon_meta'
[0.486s] Level 1:colcon.colcon_core.package_identification:_identify(drivable_area) by extensions ['ros']
[0.486s] Level 1:colcon.colcon_core.package_identification:_identify(drivable_area) by extension 'ros'
[0.486s] DEBUG:colcon.colcon_core.package_identification:Package 'drivable_area' with type 'ros.ament_python' and name 'drivable_area'
[0.486s] Level 1:colcon.colcon_core.package_identification:_identify(install) by extensions ['ignore', 'ignore_ament_install']
[0.486s] Level 1:colcon.colcon_core.package_identification:_identify(install) by extension 'ignore'
[0.486s] Level 1:colcon.colcon_core.package_identification:_identify(install) ignored
[0.487s] Level 1:colcon.colcon_core.package_identification:_identify(log) by extensions ['ignore', 'ignore_ament_install']
[0.487s] Level 1:colcon.colcon_core.package_identification:_identify(log) by extension 'ignore'
[0.487s] Level 1:colcon.colcon_core.package_identification:_identify(log) ignored
[0.487s] Level 1:colcon.colcon_core.package_discovery:discover_packages(recursive) using defaults
[0.487s] Level 1:colcon.colcon_core.package_discovery:discover_packages(ignore) discover
[0.487s] Level 1:colcon.colcon_core.package_discovery:discover_packages(ignore) using defaults
[0.487s] Level 1:colcon.colcon_core.package_discovery:discover_packages(path) discover
[0.487s] Level 1:colcon.colcon_core.package_discovery:discover_packages(path) using defaults
[0.533s] INFO:colcon.colcon_core.package_selection:Skipping not selected package 'drivable_area' in 'drivable_area'
[0.550s] Level 5:colcon.colcon_core.verb:set package 'cv_node' build argument 'cmake_args' from command line to 'None'
[0.550s] Level 5:colcon.colcon_core.verb:set package 'cv_node' build argument 'cmake_target' from command line to 'None'
[0.550s] Level 5:colcon.colcon_core.verb:set package 'cv_node' build argument 'cmake_target_skip_unavailable' from command line to 'False'
[0.550s] Level 5:colcon.colcon_core.verb:set package 'cv_node' build argument 'cmake_clean_cache' from command line to 'False'
[0.550s] Level 5:colcon.colcon_core.verb:set package 'cv_node' build argument 'cmake_clean_first' from command line to 'False'
[0.550s] Level 5:colcon.colcon_core.verb:set package 'cv_node' build argument 'cmake_force_configure' from command line to 'False'
[0.550s] Level 5:colcon.colcon_core.verb:set package 'cv_node' build argument 'ament_cmake_args' from command line to 'None'
[0.550s] Level 5:colcon.colcon_core.verb:set package 'cv_node' build argument 'catkin_cmake_args' from command line to 'None'
[0.550s] Level 5:colcon.colcon_core.verb:set package 'cv_node' build argument 'catkin_skip_building_tests' from command line to 'False'
[0.550s] DEBUG:colcon.colcon_core.verb:Building package 'cv_node' with the following arguments: {'ament_cmake_args': None, 'build_base': '/home/umarv/arvws/cv-nav-integration/src/build/cv_node', 'catkin_cmake_args': None, 'catkin_skip_building_tests': False, 'cmake_args': None, 'cmake_clean_cache': False, 'cmake_clean_first': False, 'cmake_force_configure': False, 'cmake_target': None, 'cmake_target_skip_unavailable': False, 'install_base': '/home/umarv/arvws/cv-nav-integration/src/install/cv_node', 'merge_install': False, 'path': '/home/umarv/arvws/cv-nav-integration/src/cv_node', 'symlink_install': False, 'test_result_base': None}
[0.555s] INFO:colcon.colcon_core.executor:Executing jobs using 'parallel' executor
[0.564s] DEBUG:colcon.colcon_parallel_executor.executor.parallel:run_until_complete
[0.566s] INFO:colcon.colcon_ros.task.ament_python.build:Building ROS package in '/home/umarv/arvws/cv-nav-integration/src/cv_node' with build type 'ament_python'
[0.566s] Level 1:colcon.colcon_core.shell:create_environment_hook('cv_node', 'ament_prefix_path')
[0.574s] INFO:colcon.colcon_core.plugin_system:Skipping extension 'colcon_core.shell.bat': Not used on non-Windows systems
[0.574s] INFO:colcon.colcon_core.shell:Creating environment hook '/home/umarv/arvws/cv-nav-integration/src/install/cv_node/share/cv_node/hook/ament_prefix_path.ps1'
[0.576s] INFO:colcon.colcon_core.shell:Creating environment descriptor '/home/umarv/arvws/cv-nav-integration/src/install/cv_node/share/cv_node/hook/ament_prefix_path.dsv'
[0.576s] INFO:colcon.colcon_core.shell:Creating environment hook '/home/umarv/arvws/cv-nav-integration/src/install/cv_node/share/cv_node/hook/ament_prefix_path.sh'
[0.581s] INFO:colcon.colcon_core.shell:Skip shell extension 'powershell' for command environment: Not usable outside of PowerShell
[0.581s] DEBUG:colcon.colcon_core.shell:Skip shell extension 'dsv' for command environment
[1.282s] INFO:colcon.colcon_core.task.python.build:Building Python package in '/home/umarv/arvws/cv-nav-integration/src/cv_node'
[1.305s] INFO:colcon.colcon_core.shell:Skip shell extension 'powershell' for command environment: Not usable outside of PowerShell
[1.305s] DEBUG:colcon.colcon_core.shell:Skip shell extension 'dsv' for command environment
[1.827s] DEBUG:colcon.colcon_core.event_handler.log_command:Invoking command in '/home/umarv/arvws/cv-nav-integration/src/cv_node': PYTHONPATH=/home/umarv/arvws/cv-nav-integration/src/build/cv_node/prefix_override:/home/umarv/arvws/cv-nav-integration/src/install/cv_node/lib/python3.10/site-packages: /usr/bin/python3 setup.py egg_info --egg-base ../build/cv_node build --build-base /home/umarv/arvws/cv-nav-integration/src/build/cv_node/build install --record /home/umarv/arvws/cv-nav-integration/src/build/cv_node/install.log --single-version-externally-managed
[2.119s] DEBUG:colcon.colcon_core.event_handler.log_command:Invoked command in '/home/umarv/arvws/cv-nav-integration/src/cv_node' returned '0': PYTHONPATH=/home/umarv/arvws/cv-nav-integration/src/build/cv_node/prefix_override:/home/umarv/arvws/cv-nav-integration/src/install/cv_node/lib/python3.10/site-packages: /usr/bin/python3 setup.py egg_info --egg-base ../build/cv_node build --build-base /home/umarv/arvws/cv-nav-integration/src/build/cv_node/build install --record /home/umarv/arvws/cv-nav-integration/src/build/cv_node/install.log --single-version-externally-managed
[2.128s] Level 1:colcon.colcon_core.environment:checking '/home/umarv/arvws/cv-nav-integration/src/install/cv_node' for CMake module files
[2.128s] Level 1:colcon.colcon_core.environment:checking '/home/umarv/arvws/cv-nav-integration/src/install/cv_node' for CMake config files
[2.129s] Level 1:colcon.colcon_core.environment:checking '/home/umarv/arvws/cv-nav-integration/src/install/cv_node/lib'
[2.129s] Level 1:colcon.colcon_core.environment:checking '/home/umarv/arvws/cv-nav-integration/src/install/cv_node/bin'
[2.129s] Level 1:colcon.colcon_core.environment:checking '/home/umarv/arvws/cv-nav-integration/src/install/cv_node/lib/pkgconfig/cv_node.pc'
[2.130s] Level 1:colcon.colcon_core.environment:checking '/home/umarv/arvws/cv-nav-integration/src/install/cv_node/lib/python3.10/site-packages'
[2.130s] Level 1:colcon.colcon_core.shell:create_environment_hook('cv_node', 'pythonpath')
[2.133s] INFO:colcon.colcon_core.shell:Creating environment hook '/home/umarv/arvws/cv-nav-integration/src/install/cv_node/share/cv_node/hook/pythonpath.ps1'
[2.133s] INFO:colcon.colcon_core.shell:Creating environment descriptor '/home/umarv/arvws/cv-nav-integration/src/install/cv_node/share/cv_node/hook/pythonpath.dsv'
[2.134s] INFO:colcon.colcon_core.shell:Creating environment hook '/home/umarv/arvws/cv-nav-integration/src/install/cv_node/share/cv_node/hook/pythonpath.sh'
[2.134s] Level 1:colcon.colcon_core.environment:checking '/home/umarv/arvws/cv-nav-integration/src/install/cv_node/bin'
[2.134s] Level 1:colcon.colcon_core.environment:create_environment_scripts_only(cv_node)
[2.137s] INFO:colcon.colcon_core.shell:Creating package script '/home/umarv/arvws/cv-nav-integration/src/install/cv_node/share/cv_node/package.ps1'
[2.138s] INFO:colcon.colcon_core.shell:Creating package descriptor '/home/umarv/arvws/cv-nav-integration/src/install/cv_node/share/cv_node/package.dsv'
[2.139s] INFO:colcon.colcon_core.shell:Creating package script '/home/umarv/arvws/cv-nav-integration/src/install/cv_node/share/cv_node/package.sh'
[2.139s] INFO:colcon.colcon_core.shell:Creating package script '/home/umarv/arvws/cv-nav-integration/src/install/cv_node/share/cv_node/package.bash'
[2.140s] INFO:colcon.colcon_core.shell:Creating package script '/home/umarv/arvws/cv-nav-integration/src/install/cv_node/share/cv_node/package.zsh'
[2.141s] Level 1:colcon.colcon_core.environment:create_file_with_runtime_dependencies(/home/umarv/arvws/cv-nav-integration/src/install/cv_node/share/colcon-core/packages/cv_node)
[2.142s] DEBUG:colcon.colcon_parallel_executor.executor.parallel:closing loop
[2.142s] DEBUG:colcon.colcon_parallel_executor.executor.parallel:loop closed
[2.142s] DEBUG:colcon.colcon_parallel_executor.executor.parallel:run_until_complete finished with '0'
[2.142s] DEBUG:colcon.colcon_core.event_reactor:joining thread
[2.152s] INFO:colcon.colcon_core.plugin_system:Skipping extension 'colcon_notification.desktop_notification.notify_send': Could not find 'notify-send'
[2.152s] INFO:colcon.colcon_core.plugin_system:Skipping extension 'colcon_notification.desktop_notification.terminal_notifier': Not used on non-Darwin systems
[2.152s] INFO:colcon.colcon_core.plugin_system:Skipping extension 'colcon_notification.desktop_notification.win32': Not used on non-Windows systems
[2.152s] INFO:colcon.colcon_notification.desktop_notification:Sending desktop notification using 'notify2'
[2.156s] DEBUG:colcon.colcon_notification.desktop_notification.notify2:Failed to initialize notify2: org.freedesktop.DBus.Error.Spawn.ExecFailed: /usr/bin/dbus-launch terminated abnormally without any error message
[2.157s] DEBUG:colcon.colcon_core.event_reactor:joined thread
[2.161s] INFO:colcon.colcon_core.shell:Creating prefix script '/home/umarv/arvws/cv-nav-integration/src/install/local_setup.ps1'
[2.161s] INFO:colcon.colcon_core.shell:Creating prefix util module '/home/umarv/arvws/cv-nav-integration/src/install/_local_setup_util_ps1.py'
[2.163s] INFO:colcon.colcon_core.shell:Creating prefix chain script '/home/umarv/arvws/cv-nav-integration/src/install/setup.ps1'
[2.166s] INFO:colcon.colcon_core.shell:Creating prefix script '/home/umarv/arvws/cv-nav-integration/src/install/local_setup.sh'
[2.167s] INFO:colcon.colcon_core.shell:Creating prefix util module '/home/umarv/arvws/cv-nav-integration/src/install/_local_setup_util_sh.py'
[2.167s] INFO:colcon.colcon_core.shell:Creating prefix chain script '/home/umarv/arvws/cv-nav-integration/src/install/setup.sh'
[2.171s] INFO:colcon.colcon_core.shell:Creating prefix script '/home/umarv/arvws/cv-nav-integration/src/install/local_setup.bash'
[2.171s] INFO:colcon.colcon_core.shell:Creating prefix chain script '/home/umarv/arvws/cv-nav-integration/src/install/setup.bash'
[2.175s] INFO:colcon.colcon_core.shell:Creating prefix script '/home/umarv/arvws/cv-nav-integration/src/install/local_setup.zsh'
[2.175s] INFO:colcon.colcon_core.shell:Creating prefix chain script '/home/umarv/arvws/cv-nav-integration/src/install/setup.zsh'
