[0.302s] Invoking command in '/root/ros2_ws/src/cv_node': PYTHONPATH=/root/ros2_ws/src/cv_node/build/cv_node/prefix_override:/root/ros2_ws/src/cv_node/install/cv_node/lib/python3.10/site-packages:${PYTHONPATH} /usr/bin/python3 setup.py egg_info --egg-base build/cv_node build --build-base /root/ros2_ws/src/cv_node/build/cv_node/build install --record /root/ros2_ws/src/cv_node/build/cv_node/install.log --single-version-externally-managed
[0.394s] running egg_info
[0.394s] creating build/cv_node/cv_node.egg-info
[0.394s] writing build/cv_node/cv_node.egg-info/PKG-INFO
[0.394s] writing dependency_links to build/cv_node/cv_node.egg-info/dependency_links.txt
[0.395s] writing entry points to build/cv_node/cv_node.egg-info/entry_points.txt
[0.395s] writing requirements to build/cv_node/cv_node.egg-info/requires.txt
[0.395s] writing top-level names to build/cv_node/cv_node.egg-info/top_level.txt
[0.395s] writing manifest file 'build/cv_node/cv_node.egg-info/SOURCES.txt'
[0.395s] reading manifest file 'build/cv_node/cv_node.egg-info/SOURCES.txt'
[0.396s] writing manifest file 'build/cv_node/cv_node.egg-info/SOURCES.txt'
[0.396s] running build
[0.396s] running build_py
[0.396s] creating /root/ros2_ws/src/cv_node/build/cv_node/build
[0.396s] creating /root/ros2_ws/src/cv_node/build/cv_node/build/lib
[0.396s] creating /root/ros2_ws/src/cv_node/build/cv_node/build/lib/cv_node
[0.396s] copying cv_node/subscriber_member_function.py -> /root/ros2_ws/src/cv_node/build/cv_node/build/lib/cv_node
[0.396s] copying cv_node/publisher_member_function.py -> /root/ros2_ws/src/cv_node/build/cv_node/build/lib/cv_node
[0.396s] copying cv_node/__init__.py -> /root/ros2_ws/src/cv_node/build/cv_node/build/lib/cv_node
[0.396s] running install
[0.397s] /usr/lib/python3/dist-packages/setuptools/command/install.py:34: SetuptoolsDeprecationWarning: setup.py install is deprecated. Use build and pip and other standards-based tools.
[0.397s]   warnings.warn(
[0.397s] running install_lib
[0.398s] creating /root/ros2_ws/src/cv_node/install/cv_node/lib/python3.10/site-packages/cv_node
[0.398s] copying /root/ros2_ws/src/cv_node/build/cv_node/build/lib/cv_node/subscriber_member_function.py -> /root/ros2_ws/src/cv_node/install/cv_node/lib/python3.10/site-packages/cv_node
[0.398s] copying /root/ros2_ws/src/cv_node/build/cv_node/build/lib/cv_node/publisher_member_function.py -> /root/ros2_ws/src/cv_node/install/cv_node/lib/python3.10/site-packages/cv_node
[0.398s] copying /root/ros2_ws/src/cv_node/build/cv_node/build/lib/cv_node/__init__.py -> /root/ros2_ws/src/cv_node/install/cv_node/lib/python3.10/site-packages/cv_node
[0.398s] byte-compiling /root/ros2_ws/src/cv_node/install/cv_node/lib/python3.10/site-packages/cv_node/subscriber_member_function.py to subscriber_member_function.cpython-310.pyc
[0.398s] byte-compiling /root/ros2_ws/src/cv_node/install/cv_node/lib/python3.10/site-packages/cv_node/publisher_member_function.py to publisher_member_function.cpython-310.pyc
[0.399s] byte-compiling /root/ros2_ws/src/cv_node/install/cv_node/lib/python3.10/site-packages/cv_node/__init__.py to __init__.cpython-310.pyc
[0.399s] running install_data
[0.399s] creating /root/ros2_ws/src/cv_node/install/cv_node/share/ament_index
[0.399s] creating /root/ros2_ws/src/cv_node/install/cv_node/share/ament_index/resource_index
[0.399s] creating /root/ros2_ws/src/cv_node/install/cv_node/share/ament_index/resource_index/packages
[0.399s] copying resource/cv_node -> /root/ros2_ws/src/cv_node/install/cv_node/share/ament_index/resource_index/packages
[0.399s] copying package.xml -> /root/ros2_ws/src/cv_node/install/cv_node/share/cv_node
[0.399s] running install_egg_info
[0.400s] Copying build/cv_node/cv_node.egg-info to /root/ros2_ws/src/cv_node/install/cv_node/lib/python3.10/site-packages/cv_node-0.0.0-py3.10.egg-info
[0.400s] running install_scripts
[0.409s] Installing listener script to /root/ros2_ws/src/cv_node/install/cv_node/lib/cv_node
[0.409s] Installing talker script to /root/ros2_ws/src/cv_node/install/cv_node/lib/cv_node
[0.409s] writing list of installed files to '/root/ros2_ws/src/cv_node/build/cv_node/install.log'
[0.420s] Invoked command in '/root/ros2_ws/src/cv_node' returned '0': PYTHONPATH=/root/ros2_ws/src/cv_node/build/cv_node/prefix_override:/root/ros2_ws/src/cv_node/install/cv_node/lib/python3.10/site-packages:${PYTHONPATH} /usr/bin/python3 setup.py egg_info --egg-base build/cv_node build --build-base /root/ros2_ws/src/cv_node/build/cv_node/build install --record /root/ros2_ws/src/cv_node/build/cv_node/install.log --single-version-externally-managed
