[1.285s] Invoking command in '/home/umarv/arvws/cv-nav-integration/src/cv_node': PYTHONPATH=/home/umarv/arvws/cv-nav-integration/build/cv_node/prefix_override:/home/umarv/arvws/cv-nav-integration/install/cv_node/lib/python3.10/site-packages:${PYTHONPATH} /usr/bin/python3 setup.py egg_info --egg-base ../../build/cv_node build --build-base /home/umarv/arvws/cv-nav-integration/build/cv_node/build install --record /home/umarv/arvws/cv-nav-integration/build/cv_node/install.log --single-version-externally-managed
[1.555s] running egg_info
[1.556s] writing ../../build/cv_node/cv_node.egg-info/PKG-INFO
[1.556s] writing dependency_links to ../../build/cv_node/cv_node.egg-info/dependency_links.txt
[1.556s] writing entry points to ../../build/cv_node/cv_node.egg-info/entry_points.txt
[1.556s] writing requirements to ../../build/cv_node/cv_node.egg-info/requires.txt
[1.557s] writing top-level names to ../../build/cv_node/cv_node.egg-info/top_level.txt
[1.558s] reading manifest file '../../build/cv_node/cv_node.egg-info/SOURCES.txt'
[1.559s] writing manifest file '../../build/cv_node/cv_node.egg-info/SOURCES.txt'
[1.559s] running build
[1.559s] running build_py
[1.559s] copying cv_node/subscriber_member_function.py -> /home/umarv/arvws/cv-nav-integration/build/cv_node/build/lib/cv_node
[1.560s] copying cv_node/publisher_member_function.py -> /home/umarv/arvws/cv-nav-integration/build/cv_node/build/lib/cv_node
[1.561s] running install
[1.561s] running install_lib
[1.561s] copying /home/umarv/arvws/cv-nav-integration/build/cv_node/build/lib/cv_node/subscriber_member_function.py -> /home/umarv/arvws/cv-nav-integration/install/cv_node/lib/python3.10/site-packages/cv_node
[1.562s] copying /home/umarv/arvws/cv-nav-integration/build/cv_node/build/lib/cv_node/publisher_member_function.py -> /home/umarv/arvws/cv-nav-integration/install/cv_node/lib/python3.10/site-packages/cv_node
[1.562s] byte-compiling /home/umarv/arvws/cv-nav-integration/install/cv_node/lib/python3.10/site-packages/cv_node/subscriber_member_function.py to subscriber_member_function.cpython-310.pyc
[1.566s] byte-compiling /home/umarv/arvws/cv-nav-integration/install/cv_node/lib/python3.10/site-packages/cv_node/publisher_member_function.py to publisher_member_function.cpython-310.pyc
[1.567s] running install_data
[1.567s] copying package.xml -> /home/umarv/arvws/cv-nav-integration/install/cv_node/share/cv_node
[1.568s] running install_egg_info
[1.569s] removing '/home/umarv/arvws/cv-nav-integration/install/cv_node/lib/python3.10/site-packages/cv_node-0.0.0-py3.10.egg-info' (and everything under it)
[1.570s] Copying ../../build/cv_node/cv_node.egg-info to /home/umarv/arvws/cv-nav-integration/install/cv_node/lib/python3.10/site-packages/cv_node-0.0.0-py3.10.egg-info
[1.571s] running install_scripts
[1.598s] Installing listener script to /home/umarv/arvws/cv-nav-integration/install/cv_node/lib/cv_node
[1.598s] Installing talker script to /home/umarv/arvws/cv-nav-integration/install/cv_node/lib/cv_node
[1.599s] writing list of installed files to '/home/umarv/arvws/cv-nav-integration/build/cv_node/install.log'
[1.618s] Invoked command in '/home/umarv/arvws/cv-nav-integration/src/cv_node' returned '0': PYTHONPATH=/home/umarv/arvws/cv-nav-integration/build/cv_node/prefix_override:/home/umarv/arvws/cv-nav-integration/install/cv_node/lib/python3.10/site-packages:${PYTHONPATH} /usr/bin/python3 setup.py egg_info --egg-base ../../build/cv_node build --build-base /home/umarv/arvws/cv-nav-integration/build/cv_node/build install --record /home/umarv/arvws/cv-nav-integration/build/cv_node/install.log --single-version-externally-managed
